<?xml version="1.0" encoding="UTF-8"?>
<testsuite xmlns:xsi="http://www.w3.org/2001/XMLSchema-instance" xsi:noNamespaceSchemaLocation="https://maven.apache.org/surefire/maven-surefire-plugin/xsd/surefire-test-report-3.0.xsd" version="3.0" name="TestSuite" time="20.864" tests="2" errors="0" skipped="0" failures="1">
  <properties>
[...]
</properties>
  <testcase name="runScenario[&quot;Serach Experience for product serach in both home and offers page&quot;, &quot;Search and place the order for Products&quot;](1)" classname="testRunner.TestNGTestRunner" time="14.774">
    <failure message="expected [Beetroot] but found [No data]" type="java.lang.AssertionError"><![CDATA[java.lang.AssertionError: expected [Beetroot] but found [No data]
	at org.testng.Assert.fail(Assert.java:110)
	at org.testng.Assert.failNotEquals(Assert.java:1413)
	at org.testng.Assert.assertEqualsImpl(Assert.java:149)
	at org.testng.Assert.assertEquals(Assert.java:131)
	at org.testng.Assert.assertEquals(Assert.java:655)
	at org.testng.Assert.assertEquals(Assert.java:665)
	at stepDefinitions.OfferPageStepDefinition.validate_product_name_in_offers_page_matches_with_lending_page(OfferPageStepDefinition.java:46)
	at ✽.validate product name in offers page matches with Lending page(file:///C:/Users/user/eclipse-workspace/CucumberFramework/src/test/resources/Features/searchProduct.feature:27)
]]></failure>
    <system-out><![CDATA[
@author_asheesh @Sanity @Regression
Scenario Outline: Serach Experience for product serach in both home and offers page # src/test/resources/Features/searchProduct.feature:32

@author_asheesh @Sanity @Regression
Scenario Outline: Serach Experience for product serach in both home and offers page # src/test/resources/Features/searchProduct.feature:31
  Given User is on Greenkart Lending Page                                           # stepDefinitions.LendingPageStepDefinition.user_is_on_greenkart_lending_page()
  Given User is on Greenkart Lending Page                                           # stepDefinitions.LendingPageStepDefinition.user_is_on_greenkart_lending_page()
Product Name extracted from Home Page is:Beetroot
  When user serached with Shortname Beet and extracted the actual product name      # stepDefinitions.LendingPageStepDefinition.user_serached_with_shortname_and_extracted_the_actual_product_name(java.lang.String)
Product Name extracted from Home Page is:Tomato
  When user serached with Shortname Tom and extracted the actual product name       # stepDefinitions.LendingPageStepDefinition.user_serached_with_shortname_and_extracted_the_actual_product_name(java.lang.String)
No data
  Then user serached for Beet shortname in offers page                              # stepDefinitions.OfferPageStepDefinition.user_serached_for_something_shortname_in_offers_page(java.lang.String)
  And validate product name in offers page matches with Lending page                # stepDefinitions.OfferPageStepDefinition.validate_product_name_in_offers_page_matches_with_lending_page()
      java.lang.AssertionError: expected [Beetroot] but found [No data]
	at org.testng.Assert.fail(Assert.java:110)
	at org.testng.Assert.failNotEquals(Assert.java:1413)
	at org.testng.Assert.assertEqualsImpl(Assert.java:149)
	at org.testng.Assert.assertEquals(Assert.java:131)
	at org.testng.Assert.assertEquals(Assert.java:655)
	at org.testng.Assert.assertEquals(Assert.java:665)
	at stepDefinitions.OfferPageStepDefinition.validate_product_name_in_offers_page_matches_with_lending_page(OfferPageStepDefinition.java:46)
	at âœ½.validate product name in offers page matches with Lending page(file:///C:/Users/user/eclipse-workspace/CucumberFramework/src/test/resources/Features/searchProduct.feature:27)

      java.lang.NoClassDefFoundError: org/apache/commons/io/FileUtils
	at stepDefinitions.Hooks.getScreenshot(Hooks.java:44)
Caused by: java.lang.ClassNotFoundException: org.apache.commons.io.FileUtils
	at java.base/jdk.internal.loader.BuiltinClassLoader.loadClass(BuiltinClassLoader.java:641)
	at java.base/jdk.internal.loader.ClassLoaders$AppClassLoader.loadClass(ClassLoaders.java:188)
	at java.base/java.lang.ClassLoader.loadClass(ClassLoader.java:520)
	at stepDefinitions.Hooks.getScreenshot(Hooks.java:44)
	at java.base/jdk.internal.reflect.NativeMethodAccessorImpl.invoke0(Native Method)
	at java.base/jdk.internal.reflect.NativeMethodAccessorImpl.invoke(NativeMethodAccessorImpl.java:77)
	at java.base/jdk.internal.reflect.DelegatingMethodAccessorImpl.invoke(DelegatingMethodAccessorImpl.java:43)
	at java.base/java.lang.reflect.Method.invoke(Method.java:568)
	at io.cucumber.java.Invoker.doInvoke(Invoker.java:66)
	at io.cucumber.java.Invoker.invoke(Invoker.java:24)
	at io.cucumber.java.AbstractGlueDefinition.invokeMethod(AbstractGlueDefinition.java:47)
	at io.cucumber.java.JavaHookDefinition.execute(JavaHookDefinition.java:64)
	at io.cucumber.core.runner.CoreHookDefinition.execute(CoreHookDefinition.java:46)
	at io.cucumber.core.runner.HookDefinitionMatch.runStep(HookDefinitionMatch.java:21)
	at io.cucumber.core.runner.ExecutionMode$1.execute(ExecutionMode.java:10)
	at io.cucumber.core.runner.TestStep.executeStep(TestStep.java:85)
	at io.cucumber.core.runner.TestStep.run(TestStep.java:57)
	at io.cucumber.core.runner.PickleStepTestStep.run(PickleStepTestStep.java:56)
	at io.cucumber.core.runner.TestCase.run(TestCase.java:84)
	at io.cucumber.core.runner.Runner.runPickle(Runner.java:75)
	at io.cucumber.testng.TestNGCucumberRunner.lambda$runScenario$1(TestNGCucumberRunner.java:132)
	at io.cucumber.core.runtime.CucumberExecutionContext.lambda$runTestCase$5(CucumberExecutionContext.java:129)
	at io.cucumber.core.runtime.RethrowingThrowableCollector.executeAndThrow(RethrowingThrowableCollector.java:23)
	at io.cucumber.core.runtime.CucumberExecutionContext.runTestCase(CucumberExecutionContext.java:129)
	at io.cucumber.testng.TestNGCucumberRunner.runScenario(TestNGCucumberRunner.java:129)
	at io.cucumber.testng.AbstractTestNGCucumberTests.runScenario(AbstractTestNGCucumberTests.java:35)
	at java.base/jdk.internal.reflect.NativeMethodAccessorImpl.invoke0(Native Method)
	at java.base/jdk.internal.reflect.NativeMethodAccessorImpl.invoke(NativeMethodAccessorImpl.java:77)
	at java.base/jdk.internal.reflect.DelegatingMethodAccessorImpl.invoke(DelegatingMethodAccessorImpl.java:43)
	at java.base/java.lang.reflect.Method.invoke(Method.java:568)
	at org.testng.internal.invokers.MethodInvocationHelper.invokeMethod(MethodInvocationHelper.java:139)
	at org.testng.internal.invokers.TestInvoker.invokeMethod(TestInvoker.java:677)
	at org.testng.internal.invokers.TestInvoker.invokeTestMethod(TestInvoker.java:221)
	at org.testng.internal.invokers.TestMethodWithDataProviderMethodWorker.call(TestMethodWithDataProviderMethodWorker.java:80)
	at org.testng.internal.invokers.TestMethodWithDataProviderMethodWorker.call(TestMethodWithDataProviderMethodWorker.java:17)
	at java.base/java.util.concurrent.FutureTask.run(FutureTask.java:264)
	at java.base/java.util.concurrent.Executors$RunnableAdapter.call(Executors.java:539)
	at java.base/java.util.concurrent.FutureTask.run(FutureTask.java:264)
	at java.base/java.util.concurrent.ThreadPoolExecutor.runWorker(ThreadPoolExecutor.java:1136)
	at java.base/java.util.concurrent.ThreadPoolExecutor$Worker.run(ThreadPoolExecutor.java:635)
	at java.base/java.lang.Thread.run(Thread.java:833)

]]></system-out>
    <system-err><![CDATA[SLF4J: Failed to load class "org.slf4j.impl.StaticLoggerBinder".
SLF4J: Defaulting to no-operation (NOP) logger implementation
SLF4J: See http://www.slf4j.org/codes.html#StaticLoggerBinder for further details.
Starting Microsoft Edge WebDriver 107.0.1418.42 (5ed2a3ace08d6077024f01e03930c3504cbb4e4c) on port 57739
To submit feedback, report a bug, or suggest new features, please visit https://github.com/MicrosoftEdge/EdgeWebDriver

Only local connections are allowed.
Please see https://aka.ms/WebDriverSecurity for suggestions on keeping Microsoft Edge WebDriver safe.

Starting Microsoft Edge WebDriver 107.0.1418.42 (5ed2a3ace08d6077024f01e03930c3504cbb4e4c) on port 59575
To submit feedback, report a bug, or suggest new features, please visit https://github.com/MicrosoftEdge/EdgeWebDriver

Only local connections are allowed.
Please see https://aka.ms/WebDriverSecurity for suggestions on keeping Microsoft Edge WebDriver safe.

Microsoft Edge WebDriver was started successfully.
Microsoft Edge WebDriver was started successfully.
Nov 13, 2022 5:52:59 PM org.openqa.selenium.remote.ProtocolHandshake createSession
INFO: Detected upstream dialect: W3C
Nov 13, 2022 5:52:59 PM org.openqa.selenium.devtools.CdpVersionFinder findNearestMatch
WARNING: Unable to find an exact match for CDP version 107, so returning the closest version found: 106
Nov 13, 2022 5:52:59 PM org.openqa.selenium.devtools.CdpVersionFinder findNearestMatch
INFO: Found CDP implementation for version 107 of 106
Nov 13, 2022 5:53:00 PM org.openqa.selenium.remote.ProtocolHandshake createSession
INFO: Detected upstream dialect: W3C
Nov 13, 2022 5:53:00 PM org.openqa.selenium.devtools.CdpVersionFinder findNearestMatch
WARNING: Unable to find an exact match for CDP version 107, so returning the closest version found: 106
Nov 13, 2022 5:53:00 PM org.openqa.selenium.devtools.CdpVersionFinder findNearestMatch
INFO: Found CDP implementation for version 107 of 106
]]></system-err>
  </testcase>
  <testcase name="runScenario[&quot;Serach Experience for product serach in both home and offers page&quot;, &quot;Search and place the order for Products&quot;](2)" classname="testRunner.TestNGTestRunner" time="15.261">
    <system-out><![CDATA[Tomato
  Then user serached for Tom shortname in offers page                               # stepDefinitions.OfferPageStepDefinition.user_serached_for_something_shortname_in_offers_page(java.lang.String)
  And validate product name in offers page matches with Lending page                # stepDefinitions.OfferPageStepDefinition.validate_product_name_in_offers_page_matches_with_lending_page()
]]></system-out>
  </testcase>
</testsuite>