<?xml version="1.0" encoding="UTF-8"?>
<testsuite xmlns:xsi="http://www.w3.org/2001/XMLSchema-instance" xsi:noNamespaceSchemaLocation="https://maven.apache.org/surefire/maven-surefire-plugin/xsd/surefire-test-report-3.0.xsd" version="3.0" name="TestSuite" time="22.059" tests="2" errors="0" skipped="0" failures="1">
  <properties>
[...]
</properties>
  <testcase name="runScenario[&quot;Serach Experience for product serach in both home and offers page&quot;, &quot;Search and place the order for Products&quot;](1)" classname="testRunner.TestNGTestRunner" time="14.87">
    <failure message="expected [Beetroot] but found [No data]" type="java.lang.AssertionError"><![CDATA[java.lang.AssertionError: expected [Beetroot] but found [No data]
	at org.testng.Assert.fail(Assert.java:110)
	at org.testng.Assert.failNotEquals(Assert.java:1413)
	at org.testng.Assert.assertEqualsImpl(Assert.java:149)
	at org.testng.Assert.assertEquals(Assert.java:131)
	at org.testng.Assert.assertEquals(Assert.java:655)
	at org.testng.Assert.assertEquals(Assert.java:665)
	at stepDefinitions.OfferPageStepDefinition.validate_product_name_in_offers_page_matches_with_lending_page(OfferPageStepDefinition.java:46)
	at ✽.validate product name in offers page matches with Lending page(file:///C:/Users/user/eclipse-workspace/CucumberFramework/src/test/resources/Features/searchProduct.feature:27)
]]></failure>
    <system-out><![CDATA[
@author_asheesh @Sanity @Regression
Scenario Outline: Serach Experience for product serach in both home and offers page # src/test/resources/Features/searchProduct.feature:32

@author_asheesh @Sanity @Regression
Scenario Outline: Serach Experience for product serach in both home and offers page # src/test/resources/Features/searchProduct.feature:31
  Given User is on Greenkart Lending Page                                           # stepDefinitions.LendingPageStepDefinition.user_is_on_greenkart_lending_page()
Product Name extracted from Home Page is:Beetroot
  When user serached with Shortname Beet and extracted the actual product name      # stepDefinitions.LendingPageStepDefinition.user_serached_with_shortname_and_extracted_the_actual_product_name(java.lang.String)
  Given User is on Greenkart Lending Page                                           # stepDefinitions.LendingPageStepDefinition.user_is_on_greenkart_lending_page()
Product Name extracted from Home Page is:Tomato
  When user serached with Shortname Tom and extracted the actual product name       # stepDefinitions.LendingPageStepDefinition.user_serached_with_shortname_and_extracted_the_actual_product_name(java.lang.String)
No data
  Then user serached for Beet shortname in offers page                              # stepDefinitions.OfferPageStepDefinition.user_serached_for_something_shortname_in_offers_page(java.lang.String)
  And validate product name in offers page matches with Lending page                # stepDefinitions.OfferPageStepDefinition.validate_product_name_in_offers_page_matches_with_lending_page()
      java.lang.AssertionError: expected [Beetroot] but found [No data]
	at org.testng.Assert.fail(Assert.java:110)
	at org.testng.Assert.failNotEquals(Assert.java:1413)
	at org.testng.Assert.assertEqualsImpl(Assert.java:149)
	at org.testng.Assert.assertEquals(Assert.java:131)
	at org.testng.Assert.assertEquals(Assert.java:655)
	at org.testng.Assert.assertEquals(Assert.java:665)
	at stepDefinitions.OfferPageStepDefinition.validate_product_name_in_offers_page_matches_with_lending_page(OfferPageStepDefinition.java:46)
	at âœ½.validate product name in offers page matches with Lending page(file:///C:/Users/user/eclipse-workspace/CucumberFramework/src/test/resources/Features/searchProduct.feature:27)


    Embedding Serach Experience for product serach in both home and offers page [image/png 27422 bytes]

Tomato
  Then user serached for Tom shortname in offers page                               # stepDefinitions.OfferPageStepDefinition.user_serached_for_something_shortname_in_offers_page(java.lang.String)
  And validate product name in offers page matches with Lending page                # stepDefinitions.OfferPageStepDefinition.validate_product_name_in_offers_page_matches_with_lending_page()
]]></system-out>
    <system-err><![CDATA[SLF4J: Failed to load class "org.slf4j.impl.StaticLoggerBinder".
SLF4J: Defaulting to no-operation (NOP) logger implementation
SLF4J: See http://www.slf4j.org/codes.html#StaticLoggerBinder for further details.
Starting ChromeDriver 106.0.5249.61 (511755355844955cd3e264779baf0dd38212a4d0-refs/branch-heads/5249@{#569}) on port 51448
Only local connections are allowed.
Please see https://chromedriver.chromium.org/security-considerations for suggestions on keeping ChromeDriver safe.
Starting ChromeDriver 10C6h.ro0m.5e2Dr4i9v.6e1r  w(a51s 1s7t55ar3t55ed8 4s4u9c5c5ceds3sef2ul6l47y7.9
baf0dd38212a4d0-refs/branch-heads/5249@{#569}) on port 58499
Only local connections are allowed.
Please see https://chromedriver.chromium.org/security-considerations for suggestions on keeping ChromeDriver safe.
ChromeDriver was started successfully.
[1668492835.767][WARNING]: This version of ChromeDriver has not been tested with Chrome version 107.
[1668492835.907][WARNING]: This version of ChromeDriver has not been tested with Chrome version 107.
Nov 15, 2022 11:43:56 AM org.openqa.selenium.remote.ProtocolHandshake createSession
INFO: Detected upstream dialect: W3C
Nov 15, 2022 11:43:56 AM org.openqa.selenium.remote.ProtocolHandshake createSession
INFO: Detected upstream dialect: W3C
Nov 15, 2022 11:43:56 AM org.openqa.selenium.devtools.CdpVersionFinder findNearestMatch
WARNING: Unable to find an exact match for CDP version 107, so returning the closest version found: 106
Nov 15, 2022 11:43:56 AM org.openqa.selenium.devtools.CdpVersionFinder findNearestMatch
WARNING: Unable to find an exact match for CDP version 107, so returning the closest version found: 106
Nov 15, 2022 11:43:56 AM org.openqa.selenium.devtools.CdpVersionFinder findNearestMatch
INFO: Found CDP implementation for version 107 of 106
Nov 15, 2022 11:43:56 AM org.openqa.selenium.devtools.CdpVersionFinder findNearestMatch
INFO: Found CDP implementation for version 107 of 106
]]></system-err>
  </testcase>
  <testcase name="runScenario[&quot;Serach Experience for product serach in both home and offers page&quot;, &quot;Search and place the order for Products&quot;](2)" classname="testRunner.TestNGTestRunner" time="15.13"/>
</testsuite>