<?xml version="1.0" encoding="UTF-8"?>
<!-- Generated by org.testng.reporters.JUnitReportReporter -->
<testsuite hostname="Agrah" failures="1" tests="2" name="testRunner.TestNGTestRunner" time="30.444" errors="0" timestamp="2022-11-15T12:24:17 IST" skipped="0">
  <testcase classname="testRunner.TestNGTestRunner" name="runScenario" time="14.700"/>
  <system-out/>
  <testcase classname="testRunner.TestNGTestRunner" name="runScenario" time="15.744">
    <failure message="expected [Beetroot] but found [No data]" type="java.lang.AssertionError">
      <![CDATA[java.lang.AssertionError: expected [Beetroot] but found [No data]
at org.testng.Assert.fail(Assert.java:110)
at org.testng.Assert.failNotEquals(Assert.java:1413)
at org.testng.Assert.assertEqualsImpl(Assert.java:149)
at org.testng.Assert.assertEquals(Assert.java:131)
at org.testng.Assert.assertEquals(Assert.java:655)
at org.testng.Assert.assertEquals(Assert.java:665)
at stepDefinitions.OfferPageStepDefinition.validate_product_name_in_offers_page_matches_with_lending_page(OfferPageStepDefinition.java:46)
at ✽.validate product name in offers page matches with Lending page(file:///C:/Users/user/eclipse-workspace/CucumberFramework/src/test/resources/Features/searchProduct.feature:27)
]]>
    </failure>
  </testcase> <!-- runScenario -->
  <system-out/>
</testsuite> <!-- testRunner.TestNGTestRunner -->
